<?xml version="1.0" encoding="UTF-8"?>
<testng-results skipped="0" failed="0" ignored="0" total="10" passed="10">
  <reporter-output>
  </reporter-output>
  <suite name="Default suite" duration-ms="58869" started-at="2020-09-30T12:20:25Z" finished-at="2020-09-30T12:21:24Z">
    <groups>
    </groups>
    <test name="Default test" duration-ms="58869" started-at="2020-09-30T12:20:25Z" finished-at="2020-09-30T12:21:24Z">
      <class name="com.test.BedroomPageTest">
        <test-method status="PASS" signature="tc_openBrowser()[pri:0, instance:com.test.BedroomPageTest@7adda9cc]" name="tc_openBrowser" is-config="true" duration-ms="19872" started-at="2020-09-30T12:20:25Z" finished-at="2020-09-30T12:20:45Z">
          <reporter-output>
          </reporter-output>
        </test-method> <!-- tc_openBrowser -->
        <test-method status="PASS" signature="tc_BedroomMenuDisplay()[pri:1, instance:com.test.BedroomPageTest@7adda9cc]" name="tc_BedroomMenuDisplay" duration-ms="537" started-at="2020-09-30T12:20:45Z" finished-at="2020-09-30T12:20:46Z">
          <reporter-output>
          </reporter-output>
        </test-method> <!-- tc_BedroomMenuDisplay -->
        <test-method status="PASS" signature="tc_Beds_SubMenuDisplay()[pri:2, instance:com.test.BedroomPageTest@7adda9cc]" name="tc_Beds_SubMenuDisplay" duration-ms="3067" started-at="2020-09-30T12:20:46Z" finished-at="2020-09-30T12:20:49Z">
          <reporter-output>
          </reporter-output>
        </test-method> <!-- tc_Beds_SubMenuDisplay -->
        <test-method status="PASS" signature="tc_BedsSubMenuItems()[pri:3, instance:com.test.BedroomPageTest@7adda9cc]" name="tc_BedsSubMenuItems" duration-ms="570" started-at="2020-09-30T12:20:49Z" finished-at="2020-09-30T12:20:50Z">
          <reporter-output>
          </reporter-output>
        </test-method> <!-- tc_BedsSubMenuItems -->
        <test-method status="PASS" signature="get_Mattresses_SubMenuText()[pri:4, instance:com.test.BedroomPageTest@7adda9cc]" name="get_Mattresses_SubMenuText" duration-ms="65" started-at="2020-09-30T12:20:50Z" finished-at="2020-09-30T12:20:50Z">
          <reporter-output>
          </reporter-output>
        </test-method> <!-- get_Mattresses_SubMenuText -->
        <test-method status="PASS" signature="get_Mattresses_SubMenuList()[pri:5, instance:com.test.BedroomPageTest@7adda9cc]" name="get_Mattresses_SubMenuList" duration-ms="268" started-at="2020-09-30T12:20:50Z" finished-at="2020-09-30T12:20:50Z">
          <reporter-output>
          </reporter-output>
        </test-method> <!-- get_Mattresses_SubMenuList -->
        <test-method status="PASS" signature="get_Storage_and_Accessories_subMenu()[pri:6, instance:com.test.BedroomPageTest@7adda9cc]" name="get_Storage_and_Accessories_subMenu" duration-ms="66" started-at="2020-09-30T12:20:50Z" finished-at="2020-09-30T12:20:50Z">
          <reporter-output>
          </reporter-output>
        </test-method> <!-- get_Storage_and_Accessories_subMenu -->
        <test-method status="PASS" signature="get_Storage_and_Accessories_subMenuList()[pri:7, instance:com.test.BedroomPageTest@7adda9cc]" name="get_Storage_and_Accessories_subMenuList" duration-ms="234" started-at="2020-09-30T12:20:50Z" finished-at="2020-09-30T12:20:50Z">
          <reporter-output>
          </reporter-output>
        </test-method> <!-- get_Storage_and_Accessories_subMenuList -->
        <test-method status="PASS" signature="get_Kids_Bedroom_subMenu()[pri:8, instance:com.test.BedroomPageTest@7adda9cc]" name="get_Kids_Bedroom_subMenu" duration-ms="87" started-at="2020-09-30T12:20:50Z" finished-at="2020-09-30T12:20:50Z">
          <reporter-output>
          </reporter-output>
        </test-method> <!-- get_Kids_Bedroom_subMenu -->
        <test-method status="PASS" signature="get_Kids_Bedroom_subMenuList()[pri:9, instance:com.test.BedroomPageTest@7adda9cc]" name="get_Kids_Bedroom_subMenuList" duration-ms="117" started-at="2020-09-30T12:20:50Z" finished-at="2020-09-30T12:20:50Z">
          <reporter-output>
          </reporter-output>
        </test-method> <!-- get_Kids_Bedroom_subMenuList -->
        <test-method status="PASS" signature="tc_Beds_with_Storage_Sort_By_Price()[pri:10, instance:com.test.BedroomPageTest@7adda9cc]" name="tc_Beds_with_Storage_Sort_By_Price" duration-ms="33936" started-at="2020-09-30T12:20:50Z" finished-at="2020-09-30T12:21:24Z">
          <reporter-output>
          </reporter-output>
        </test-method> <!-- tc_Beds_with_Storage_Sort_By_Price -->
      </class> <!-- com.test.BedroomPageTest -->
    </test> <!-- Default test -->
  </suite> <!-- Default suite -->
</testng-results>
